Using pre-set license
Built from '2020.2/release' branch; Version is '2020.2.2f1 (068178b99f32) revision 426360'; Using compiler version '192528614'; Build Type 'Release'
OS: 'Windows 10 Home; OS build 19041.928; Version 2004; 64bit' Language: 'en' Physical Memory: 8002 MB
BatchMode: 1, IsHumanControllingUs: 0, StartBugReporterOnCrash: 0, Is64bit: 1, IsPro: 0

 COMMAND LINE ARGUMENTS:
C:\Program Files\Unity\Hub\Editor\2020.2.2f1\Editor\Unity.exe
-adb2
-batchMode
-noUpm
-name
AssetImportWorker0
-projectPath
C:/Users/Conno/Documents/GitHub/vision-SmolConnor/Vision
-logFile
Logs/AssetImportWorker0.log
-srvPort
55755
Successfully changed project path to: C:/Users/Conno/Documents/GitHub/vision-SmolConnor/Vision
C:/Users/Conno/Documents/GitHub/vision-SmolConnor/Vision
Using Asset Import Pipeline V2.
Refreshing native plugins compatible for Editor in 58.47 ms, found 1 plugins.
Preloading 0 native plugins for Editor in 0.00 ms.
Initialize engine version: 2020.2.2f1 (068178b99f32)
[Subsystems] Discovering subsystems at path C:/Program Files/Unity/Hub/Editor/2020.2.2f1/Editor/Data/Resources/UnitySubsystems
[Subsystems] Discovering subsystems at path C:/Users/Conno/Documents/GitHub/vision-SmolConnor/Vision/Assets
GfxDevice: creating device client; threaded=0
Direct3D:
    Version:  Direct3D 11.0 [level 11.1]
    Renderer: Radeon RX 560X (ID=0x67ef)
    Vendor:   
    VRAM:     4077 MB
    Driver:   26.20.12036.4002
Initialize mono
Mono path[0] = 'C:/Program Files/Unity/Hub/Editor/2020.2.2f1/Editor/Data/Managed'
Mono path[1] = 'C:/Program Files/Unity/Hub/Editor/2020.2.2f1/Editor/Data/MonoBleedingEdge/lib/mono/unityjit'
Mono config path = 'C:/Program Files/Unity/Hub/Editor/2020.2.2f1/Editor/Data/MonoBleedingEdge/etc'
Using monoOptions --debugger-agent=transport=dt_socket,embedding=1,server=y,suspend=n,address=127.0.0.1:56792
Begin MonoManager ReloadAssembly
Registering precompiled unity dll's ...
Register platform support module: C:/Program Files/Unity/Hub/Editor/2020.2.2f1/Editor/Data/PlaybackEngines/WindowsStandaloneSupport/UnityEditor.WindowsStandalone.Extensions.dll
Registered in 0.003453 seconds.
Native extension for WindowsStandalone target not found
Refreshing native plugins compatible for Editor in 61.05 ms, found 1 plugins.
Preloading 0 native plugins for Editor in 0.00 ms.
Invoked RoslynAnalysisRunner static constructor.
RoslynAnalysisRunner will not be running.
RoslynAnalysisRunner has terminated.
Mono: successfully reloaded assembly
- Completed reload, in  1.735 seconds
Platform modules already initialized, skipping
Registering precompiled user dll's ...
Registered in 0.002534 seconds.
Begin MonoManager ReloadAssembly
Native extension for WindowsStandalone target not found
Refreshing native plugins compatible for Editor in 63.05 ms, found 1 plugins.
Preloading 0 native plugins for Editor in 0.00 ms.
Invoked RoslynAnalysisRunner static constructor.
RoslynAnalysisRunner will not be running.
RoslynAnalysisRunner has terminated.
Mono: successfully reloaded assembly
- Completed reload, in  1.445 seconds
Platform modules already initialized, skipping
========================================================================
Worker process is ready to serve import requests
Launched and connected shader compiler UnityShaderCompiler.exe after 0.07 seconds
Refreshing native plugins compatible for Editor in 0.85 ms, found 1 plugins.
Preloading 0 native plugins for Editor in 0.00 ms.
Unloading 2202 Unused Serialized files (Serialized files now loaded: 0)
System memory in use before: 121.3 MB.
System memory in use after: 121.3 MB.

Unloading 25 unused Assets to reduce memory usage. Loaded Objects now: 2665.
Total: 3.575200 ms (FindLiveObjects: 0.391400 ms CreateObjectMapping: 0.104800 ms MarkObjects: 2.843100 ms  DeleteObjects: 0.233300 ms)

========================================================================
Received Import Request.
  path: Assets/enemyAI.cs
  artifactKey: Guid(bcdf3ec8c16a3ff489c7a350750a93de) Importer(815301076,1909f56bfc062723c751e8b465ee728b)
Start importing Assets/enemyAI.cs using Guid(bcdf3ec8c16a3ff489c7a350750a93de) Importer(815301076,1909f56bfc062723c751e8b465ee728b)  -> (artifact id: '17f77abd8e59a2b133bd6f017a04bb67') in 0.033288 seconds
  Import took 0.038023 seconds .

========================================================================
Received Import Request.
  Time since last request: 25.765562 seconds.
  path: Assets/enemyAI.cs
  artifactKey: Guid(bcdf3ec8c16a3ff489c7a350750a93de) Importer(815301076,1909f56bfc062723c751e8b465ee728b)
Start importing Assets/enemyAI.cs using Guid(bcdf3ec8c16a3ff489c7a350750a93de) Importer(815301076,1909f56bfc062723c751e8b465ee728b)  -> (artifact id: '3210de9160ddedaa1818e122ae651bab') in 0.006076 seconds
  Import took 0.011583 seconds .

========================================================================
Received Prepare
Registering precompiled user dll's ...
Registered in 0.002441 seconds.
Begin MonoManager ReloadAssembly
Native extension for WindowsStandalone target not found
Refreshing native plugins compatible for Editor in 0.73 ms, found 1 plugins.
Preloading 0 native plugins for Editor in 0.00 ms.
Invoked RoslynAnalysisRunner static constructor.
RoslynAnalysisRunner will not be running.
RoslynAnalysisRunner has terminated.
Mono: successfully reloaded assembly
- Completed reload, in  1.172 seconds
Platform modules already initialized, skipping
Refreshing native plugins compatible for Editor in 0.56 ms, found 1 plugins.
Preloading 0 native plugins for Editor in 0.00 ms.
Unloading 2164 Unused Serialized files (Serialized files now loaded: 0)
System memory in use before: 119.2 MB.
System memory in use after: 119.2 MB.

Unloading 14 unused Assets to reduce memory usage. Loaded Objects now: 2668.
Total: 2.951000 ms (FindLiveObjects: 0.273700 ms CreateObjectMapping: 0.068000 ms MarkObjects: 2.442800 ms  DeleteObjects: 0.164400 ms)

========================================================================
Received Import Request.
  Time since last request: 21.763462 seconds.
  path: Assets/enemyAI.cs
  artifactKey: Guid(bcdf3ec8c16a3ff489c7a350750a93de) Importer(815301076,1909f56bfc062723c751e8b465ee728b)
Start importing Assets/enemyAI.cs using Guid(bcdf3ec8c16a3ff489c7a350750a93de) Importer(815301076,1909f56bfc062723c751e8b465ee728b)  -> (artifact id: '12ff1ad01922bbe06933e4559ea62d08') in 0.009357 seconds
  Import took 0.014377 seconds .

========================================================================
Received Import Request.
  Time since last request: 272.814193 seconds.
  path: Assets/enemyAI.cs
  artifactKey: Guid(bcdf3ec8c16a3ff489c7a350750a93de) Importer(815301076,1909f56bfc062723c751e8b465ee728b)
Start importing Assets/enemyAI.cs using Guid(bcdf3ec8c16a3ff489c7a350750a93de) Importer(815301076,1909f56bfc062723c751e8b465ee728b)  -> (artifact id: '5e9f538f7e1c7ee43dcd2ba199870e0c') in 0.006574 seconds
  Import took 0.012752 seconds .

========================================================================
Received Import Request.
  Time since last request: 0.033344 seconds.
  path: Assets/enemyAI.cs
  artifactKey: Guid(bcdf3ec8c16a3ff489c7a350750a93de) Importer(815301076,1909f56bfc062723c751e8b465ee728b)
Start importing Assets/enemyAI.cs using Guid(bcdf3ec8c16a3ff489c7a350750a93de) Importer(815301076,1909f56bfc062723c751e8b465ee728b)  -> (artifact id: '5e9f538f7e1c7ee43dcd2ba199870e0c') in 0.006213 seconds
  Import took 0.011516 seconds .

========================================================================
Received Prepare
Registering precompiled user dll's ...
Registered in 0.003215 seconds.
Begin MonoManager ReloadAssembly
Native extension for WindowsStandalone target not found
Refreshing native plugins compatible for Editor in 0.74 ms, found 1 plugins.
Preloading 0 native plugins for Editor in 0.00 ms.
Invoked RoslynAnalysisRunner static constructor.
RoslynAnalysisRunner will not be running.
RoslynAnalysisRunner has terminated.
Mono: successfully reloaded assembly
- Completed reload, in  1.182 seconds
Platform modules already initialized, skipping
Refreshing native plugins compatible for Editor in 0.57 ms, found 1 plugins.
Preloading 0 native plugins for Editor in 0.00 ms.
Unloading 2163 Unused Serialized files (Serialized files now loaded: 0)
System memory in use before: 119.9 MB.
System memory in use after: 119.9 MB.

Unloading 15 unused Assets to reduce memory usage. Loaded Objects now: 2670.
Total: 3.517600 ms (FindLiveObjects: 0.349200 ms CreateObjectMapping: 0.077200 ms MarkObjects: 2.880800 ms  DeleteObjects: 0.207100 ms)

========================================================================
Received Import Request.
  Time since last request: 80.903582 seconds.
  path: Assets/Circle.prefab
  artifactKey: Guid(9b9e2c419714c454095b9377cc4ec902) Importer(815301076,1909f56bfc062723c751e8b465ee728b)
Start importing Assets/Circle.prefab using Guid(9b9e2c419714c454095b9377cc4ec902) Importer(815301076,1909f56bfc062723c751e8b465ee728b)  -> (artifact id: '0a635bbe24d25d1453cfda3ce63b1e9f') in 0.125074 seconds
  Import took 0.131296 seconds .

========================================================================
Received Import Request.
  Time since last request: 18.732702 seconds.
  path: Assets/Circle.prefab
  artifactKey: Guid(9b9e2c419714c454095b9377cc4ec902) Importer(815301076,1909f56bfc062723c751e8b465ee728b)
Start importing Assets/Circle.prefab using Guid(9b9e2c419714c454095b9377cc4ec902) Importer(815301076,1909f56bfc062723c751e8b465ee728b)  -> (artifact id: '4887350386baf1677d17cf88cbce9d24') in 0.015925 seconds
  Import took 0.021962 seconds .

========================================================================
Received Import Request.
  Time since last request: 16.596899 seconds.
  path: Assets/Circle.prefab
  artifactKey: Guid(9b9e2c419714c454095b9377cc4ec902) Importer(815301076,1909f56bfc062723c751e8b465ee728b)
Start importing Assets/Circle.prefab using Guid(9b9e2c419714c454095b9377cc4ec902) Importer(815301076,1909f56bfc062723c751e8b465ee728b)  -> (artifact id: 'c4d82663d0c463e1ff59ba498e826a40') in 0.019140 seconds
  Import took 0.025271 seconds .

========================================================================
Received Import Request.
  Time since last request: 394.166437 seconds.
  path: Assets/mouse.cs
  artifactKey: Guid(db068beaa6db16b4aae4d85ccb7aeace) Importer(815301076,1909f56bfc062723c751e8b465ee728b)
Start importing Assets/mouse.cs using Guid(db068beaa6db16b4aae4d85ccb7aeace) Importer(815301076,1909f56bfc062723c751e8b465ee728b)  -> (artifact id: '03cb54b8922a8394b3a11198fc363f51') in 0.015831 seconds
  Import took 0.021066 seconds .

========================================================================
Received Prepare
Registering precompiled user dll's ...
Registered in 0.003876 seconds.
Begin MonoManager ReloadAssembly
Native extension for WindowsStandalone target not found
Refreshing native plugins compatible for Editor in 0.52 ms, found 1 plugins.
Preloading 0 native plugins for Editor in 0.00 ms.
Invoked RoslynAnalysisRunner static constructor.
RoslynAnalysisRunner will not be running.
RoslynAnalysisRunner has terminated.
Mono: successfully reloaded assembly
- Completed reload, in  1.154 seconds
Platform modules already initialized, skipping
Refreshing native plugins compatible for Editor in 0.52 ms, found 1 plugins.
Preloading 0 native plugins for Editor in 0.00 ms.
Unloading 2163 Unused Serialized files (Serialized files now loaded: 0)
System memory in use before: 123.2 MB.
System memory in use after: 123.2 MB.

Unloading 14 unused Assets to reduce memory usage. Loaded Objects now: 2680.
Total: 3.479300 ms (FindLiveObjects: 0.292700 ms CreateObjectMapping: 0.078800 ms MarkObjects: 2.916900 ms  DeleteObjects: 0.189000 ms)

========================================================================
Received Import Request.
  Time since last request: 33.718366 seconds.
  path: Assets/mouse.cs
  artifactKey: Guid(db068beaa6db16b4aae4d85ccb7aeace) Importer(815301076,1909f56bfc062723c751e8b465ee728b)
Start importing Assets/mouse.cs using Guid(db068beaa6db16b4aae4d85ccb7aeace) Importer(815301076,1909f56bfc062723c751e8b465ee728b)  -> (artifact id: '180510f89c6d0733df553d4388657b11') in 0.009774 seconds
  Import took 0.014738 seconds .

========================================================================
Received Import Request.
  Time since last request: 0.000224 seconds.
  path: Assets/Circle.prefab
  artifactKey: Guid(9b9e2c419714c454095b9377cc4ec902) Importer(815301076,1909f56bfc062723c751e8b465ee728b)
Start importing Assets/Circle.prefab using Guid(9b9e2c419714c454095b9377cc4ec902) Importer(815301076,1909f56bfc062723c751e8b465ee728b)  -> (artifact id: '70488c19be701e93a89d93d96ba19049') in 0.077190 seconds
  Import took 0.081483 seconds .

========================================================================
Received Prepare
Registering precompiled user dll's ...
Registered in 0.003321 seconds.
Begin MonoManager ReloadAssembly
Native extension for WindowsStandalone target not found
Refreshing native plugins compatible for Editor in 0.56 ms, found 1 plugins.
Preloading 0 native plugins for Editor in 0.00 ms.
Invoked RoslynAnalysisRunner static constructor.
RoslynAnalysisRunner will not be running.
RoslynAnalysisRunner has terminated.
Mono: successfully reloaded assembly
- Completed reload, in  1.483 seconds
Platform modules already initialized, skipping
Refreshing native plugins compatible for Editor in 0.64 ms, found 1 plugins.
Preloading 0 native plugins for Editor in 0.00 ms.
Unloading 2163 Unused Serialized files (Serialized files now loaded: 0)
System memory in use before: 123.0 MB.
System memory in use after: 123.0 MB.

Unloading 14 unused Assets to reduce memory usage. Loaded Objects now: 2684.
Total: 3.974400 ms (FindLiveObjects: 0.312400 ms CreateObjectMapping: 0.112700 ms MarkObjects: 3.343800 ms  DeleteObjects: 0.203600 ms)

========================================================================
Received Prepare
Registering precompiled user dll's ...
Registered in 0.002377 seconds.
Begin MonoManager ReloadAssembly
Native extension for WindowsStandalone target not found
Refreshing native plugins compatible for Editor in 0.62 ms, found 1 plugins.
Preloading 0 native plugins for Editor in 0.00 ms.
Invoked RoslynAnalysisRunner static constructor.
RoslynAnalysisRunner will not be running.
RoslynAnalysisRunner has terminated.
Mono: successfully reloaded assembly
- Completed reload, in  1.216 seconds
Platform modules already initialized, skipping
Refreshing native plugins compatible for Editor in 0.51 ms, found 1 plugins.
Preloading 0 native plugins for Editor in 0.00 ms.
Unloading 2163 Unused Serialized files (Serialized files now loaded: 0)
System memory in use before: 123.2 MB.
System memory in use after: 123.3 MB.

Unloading 14 unused Assets to reduce memory usage. Loaded Objects now: 2687.
Total: 3.502500 ms (FindLiveObjects: 0.476500 ms CreateObjectMapping: 0.114800 ms MarkObjects: 2.692600 ms  DeleteObjects: 0.215800 ms)

========================================================================
Received Import Request.
  Time since last request: 1232.764468 seconds.
  path: Assets/Circle.prefab
  artifactKey: Guid(9b9e2c419714c454095b9377cc4ec902) Importer(815301076,1909f56bfc062723c751e8b465ee728b)
Start importing Assets/Circle.prefab using Guid(9b9e2c419714c454095b9377cc4ec902) Importer(815301076,1909f56bfc062723c751e8b465ee728b)  -> (artifact id: '468602d013b1446a63a525b61cf17e03') in 0.079730 seconds
  Import took 0.085024 seconds .

========================================================================
Received Prepare
Registering precompiled user dll's ...
Registered in 0.002707 seconds.
Begin MonoManager ReloadAssembly
Native extension for WindowsStandalone target not found
Refreshing native plugins compatible for Editor in 0.62 ms, found 1 plugins.
Preloading 0 native plugins for Editor in 0.00 ms.
Invoked RoslynAnalysisRunner static constructor.
RoslynAnalysisRunner will not be running.
RoslynAnalysisRunner has terminated.
Mono: successfully reloaded assembly
- Completed reload, in  1.160 seconds
Platform modules already initialized, skipping
Refreshing native plugins compatible for Editor in 0.56 ms, found 1 plugins.
Preloading 0 native plugins for Editor in 0.00 ms.
Unloading 2163 Unused Serialized files (Serialized files now loaded: 0)
System memory in use before: 123.2 MB.
System memory in use after: 123.2 MB.

Unloading 14 unused Assets to reduce memory usage. Loaded Objects now: 2691.
Total: 3.443900 ms (FindLiveObjects: 0.313400 ms CreateObjectMapping: 0.082500 ms MarkObjects: 2.837800 ms  DeleteObjects: 0.208200 ms)

========================================================================
Received Prepare
Registering precompiled user dll's ...
Registered in 0.002426 seconds.
Begin MonoManager ReloadAssembly
Native extension for WindowsStandalone target not found
Refreshing native plugins compatible for Editor in 0.72 ms, found 1 plugins.
Preloading 0 native plugins for Editor in 0.00 ms.
Invoked RoslynAnalysisRunner static constructor.
RoslynAnalysisRunner will not be running.
RoslynAnalysisRunner has terminated.
Mono: successfully reloaded assembly
- Completed reload, in  1.155 seconds
Platform modules already initialized, skipping
Refreshing native plugins compatible for Editor in 0.52 ms, found 1 plugins.
Preloading 0 native plugins for Editor in 0.00 ms.
Unloading 2163 Unused Serialized files (Serialized files now loaded: 0)
System memory in use before: 123.3 MB.
System memory in use after: 123.3 MB.

Unloading 14 unused Assets to reduce memory usage. Loaded Objects now: 2694.
Total: 3.438500 ms (FindLiveObjects: 0.474000 ms CreateObjectMapping: 0.135500 ms MarkObjects: 2.629300 ms  DeleteObjects: 0.197100 ms)

========================================================================
Received Prepare
Registering precompiled user dll's ...
Registered in 0.002505 seconds.
Begin MonoManager ReloadAssembly
Native extension for WindowsStandalone target not found
Refreshing native plugins compatible for Editor in 0.56 ms, found 1 plugins.
Preloading 0 native plugins for Editor in 0.00 ms.
Invoked RoslynAnalysisRunner static constructor.
RoslynAnalysisRunner will not be running.
RoslynAnalysisRunner has terminated.
Mono: successfully reloaded assembly
- Completed reload, in  1.187 seconds
Platform modules already initialized, skipping
Refreshing native plugins compatible for Editor in 0.50 ms, found 1 plugins.
Preloading 0 native plugins for Editor in 0.00 ms.
Unloading 2163 Unused Serialized files (Serialized files now loaded: 0)
System memory in use before: 123.3 MB.
System memory in use after: 123.3 MB.

Unloading 14 unused Assets to reduce memory usage. Loaded Objects now: 2697.
Total: 3.656300 ms (FindLiveObjects: 0.367900 ms CreateObjectMapping: 0.103100 ms MarkObjects: 2.979800 ms  DeleteObjects: 0.203300 ms)

========================================================================
Received Prepare
Registering precompiled user dll's ...
Registered in 0.003185 seconds.
Begin MonoManager ReloadAssembly
Native extension for WindowsStandalone target not found
Refreshing native plugins compatible for Editor in 0.58 ms, found 1 plugins.
Preloading 0 native plugins for Editor in 0.00 ms.
Invoked RoslynAnalysisRunner static constructor.
RoslynAnalysisRunner will not be running.
RoslynAnalysisRunner has terminated.
Mono: successfully reloaded assembly
- Completed reload, in  1.195 seconds
Platform modules already initialized, skipping
Refreshing native plugins compatible for Editor in 0.51 ms, found 1 plugins.
Preloading 0 native plugins for Editor in 0.00 ms.
Unloading 2163 Unused Serialized files (Serialized files now loaded: 0)
System memory in use before: 122.8 MB.
System memory in use after: 122.9 MB.

Unloading 14 unused Assets to reduce memory usage. Loaded Objects now: 2700.
Total: 3.406600 ms (FindLiveObjects: 0.486100 ms CreateObjectMapping: 0.114900 ms MarkObjects: 2.602700 ms  DeleteObjects: 0.200500 ms)

========================================================================
Received Prepare
Registering precompiled user dll's ...
Registered in 0.002466 seconds.
Begin MonoManager ReloadAssembly
Native extension for WindowsStandalone target not found
Refreshing native plugins compatible for Editor in 0.53 ms, found 1 plugins.
Preloading 0 native plugins for Editor in 0.00 ms.
Invoked RoslynAnalysisRunner static constructor.
RoslynAnalysisRunner will not be running.
RoslynAnalysisRunner has terminated.
Mono: successfully reloaded assembly
- Completed reload, in  1.146 seconds
Platform modules already initialized, skipping
Refreshing native plugins compatible for Editor in 0.72 ms, found 1 plugins.
Preloading 0 native plugins for Editor in 0.00 ms.
Unloading 2163 Unused Serialized files (Serialized files now loaded: 0)
System memory in use before: 123.3 MB.
System memory in use after: 123.3 MB.

Unloading 14 unused Assets to reduce memory usage. Loaded Objects now: 2703.
Total: 3.007700 ms (FindLiveObjects: 0.342800 ms CreateObjectMapping: 0.091400 ms MarkObjects: 2.392000 ms  DeleteObjects: 0.179000 ms)

========================================================================
Received Prepare
Registering precompiled user dll's ...
Registered in 0.002677 seconds.
Begin MonoManager ReloadAssembly
Native extension for WindowsStandalone target not found
Refreshing native plugins compatible for Editor in 0.52 ms, found 1 plugins.
Preloading 0 native plugins for Editor in 0.00 ms.
Invoked RoslynAnalysisRunner static constructor.
RoslynAnalysisRunner will not be running.
RoslynAnalysisRunner has terminated.
Mono: successfully reloaded assembly
- Completed reload, in  1.179 seconds
Platform modules already initialized, skipping
Refreshing native plugins compatible for Editor in 0.61 ms, found 1 plugins.
Preloading 0 native plugins for Editor in 0.00 ms.
Unloading 2163 Unused Serialized files (Serialized files now loaded: 0)
System memory in use before: 123.0 MB.
System memory in use after: 123.0 MB.

Unloading 14 unused Assets to reduce memory usage. Loaded Objects now: 2706.
Total: 3.940300 ms (FindLiveObjects: 0.336700 ms CreateObjectMapping: 0.088900 ms MarkObjects: 3.274800 ms  DeleteObjects: 0.237100 ms)

========================================================================
Received Import Request.
  Time since last request: 1200.102751 seconds.
  path: Assets/Log.prefab
  artifactKey: Guid(144609314c3ad054f8b3003269976976) Importer(815301076,1909f56bfc062723c751e8b465ee728b)
Start importing Assets/Log.prefab using Guid(144609314c3ad054f8b3003269976976) Importer(815301076,1909f56bfc062723c751e8b465ee728b)  -> (artifact id: '021a4c5108a2ed0dcf29b50bb2b7db57') in 0.092647 seconds
  Import took 0.098609 seconds .

========================================================================
Received Import Request.
  Time since last request: 0.003678 seconds.
  path: Assets/Log.prefab
  artifactKey: Guid(144609314c3ad054f8b3003269976976) Importer(815301076,1909f56bfc062723c751e8b465ee728b)
Start importing Assets/Log.prefab using Guid(144609314c3ad054f8b3003269976976) Importer(815301076,1909f56bfc062723c751e8b465ee728b)  -> (artifact id: '021a4c5108a2ed0dcf29b50bb2b7db57') in 0.015925 seconds
  Import took 0.021324 seconds .

========================================================================
Received Import Request.
  Time since last request: 21.108087 seconds.
  path: Assets/Log.prefab
  artifactKey: Guid(144609314c3ad054f8b3003269976976) Importer(815301076,1909f56bfc062723c751e8b465ee728b)
Start importing Assets/Log.prefab using Guid(144609314c3ad054f8b3003269976976) Importer(815301076,1909f56bfc062723c751e8b465ee728b)  -> (artifact id: '5b142f34f75c01234670f6d361d2d0a7') in 0.016520 seconds
  Import took 0.023277 seconds .

========================================================================
Received Import Request.
  Time since last request: 176.312075 seconds.
  path: Assets/rock.prefab
  artifactKey: Guid(98a5f796a988a8e4c8564d3fe4cdc1b0) Importer(815301076,1909f56bfc062723c751e8b465ee728b)
Start importing Assets/rock.prefab using Guid(98a5f796a988a8e4c8564d3fe4cdc1b0) Importer(815301076,1909f56bfc062723c751e8b465ee728b)  -> (artifact id: '7f3140145197c5a638035ff5d4c10cb5') in 0.025670 seconds
  Import took 0.031068 seconds .

========================================================================
Received Prepare
Registering precompiled user dll's ...
Registered in 0.002553 seconds.
Begin MonoManager ReloadAssembly
Native extension for WindowsStandalone target not found
Refreshing native plugins compatible for Editor in 0.53 ms, found 1 plugins.
Preloading 0 native plugins for Editor in 0.00 ms.
Invoked RoslynAnalysisRunner static constructor.
RoslynAnalysisRunner will not be running.
RoslynAnalysisRunner has terminated.
Mono: successfully reloaded assembly
- Completed reload, in  1.194 seconds
Platform modules already initialized, skipping
Refreshing native plugins compatible for Editor in 0.52 ms, found 1 plugins.
Preloading 0 native plugins for Editor in 0.00 ms.
Unloading 2163 Unused Serialized files (Serialized files now loaded: 0)
System memory in use before: 123.3 MB.
System memory in use after: 123.3 MB.

Unloading 14 unused Assets to reduce memory usage. Loaded Objects now: 2710.
Total: 3.535500 ms (FindLiveObjects: 0.395500 ms CreateObjectMapping: 0.100400 ms MarkObjects: 2.827700 ms  DeleteObjects: 0.210200 ms)

========================================================================
Received Prepare
Registering precompiled user dll's ...
Registered in 0.002627 seconds.
Begin MonoManager ReloadAssembly
Native extension for WindowsStandalone target not found
Refreshing native plugins compatible for Editor in 0.60 ms, found 1 plugins.
Preloading 0 native plugins for Editor in 0.00 ms.
Invoked RoslynAnalysisRunner static constructor.
RoslynAnalysisRunner will not be running.
RoslynAnalysisRunner has terminated.
Mono: successfully reloaded assembly
- Completed reload, in  1.225 seconds
Platform modules already initialized, skipping
Refreshing native plugins compatible for Editor in 0.51 ms, found 1 plugins.
Preloading 0 native plugins for Editor in 0.00 ms.
Unloading 2163 Unused Serialized files (Serialized files now loaded: 0)
System memory in use before: 123.1 MB.
System memory in use after: 123.1 MB.

Unloading 14 unused Assets to reduce memory usage. Loaded Objects now: 2713.
Total: 3.520300 ms (FindLiveObjects: 0.347000 ms CreateObjectMapping: 0.074000 ms MarkObjects: 2.902100 ms  DeleteObjects: 0.194700 ms)

========================================================================
Received Prepare
Registering precompiled user dll's ...
Registered in 0.002468 seconds.
Begin MonoManager ReloadAssembly
Native extension for WindowsStandalone target not found
Refreshing native plugins compatible for Editor in 0.55 ms, found 1 plugins.
Preloading 0 native plugins for Editor in 0.00 ms.
Invoked RoslynAnalysisRunner static constructor.
RoslynAnalysisRunner will not be running.
RoslynAnalysisRunner has terminated.
Mono: successfully reloaded assembly
- Completed reload, in  1.166 seconds
Platform modules already initialized, skipping
Refreshing native plugins compatible for Editor in 0.54 ms, found 1 plugins.
Preloading 0 native plugins for Editor in 0.00 ms.
Unloading 2163 Unused Serialized files (Serialized files now loaded: 0)
System memory in use before: 123.4 MB.
System memory in use after: 123.4 MB.

Unloading 14 unused Assets to reduce memory usage. Loaded Objects now: 2716.
Total: 3.747900 ms (FindLiveObjects: 0.416500 ms CreateObjectMapping: 0.091000 ms MarkObjects: 3.045800 ms  DeleteObjects: 0.192500 ms)

========================================================================
Received Prepare
Registering precompiled user dll's ...
Registered in 0.002912 seconds.
Begin MonoManager ReloadAssembly
Native extension for WindowsStandalone target not found
Refreshing native plugins compatible for Editor in 0.57 ms, found 1 plugins.
Preloading 0 native plugins for Editor in 0.00 ms.
Invoked RoslynAnalysisRunner static constructor.
RoslynAnalysisRunner will not be running.
RoslynAnalysisRunner has terminated.
Mono: successfully reloaded assembly
- Completed reload, in  1.211 seconds
Platform modules already initialized, skipping
Refreshing native plugins compatible for Editor in 0.52 ms, found 1 plugins.
Preloading 0 native plugins for Editor in 0.00 ms.
Unloading 2163 Unused Serialized files (Serialized files now loaded: 0)
System memory in use before: 123.3 MB.
System memory in use after: 123.3 MB.

Unloading 14 unused Assets to reduce memory usage. Loaded Objects now: 2719.
Total: 3.869900 ms (FindLiveObjects: 0.582000 ms CreateObjectMapping: 0.077500 ms MarkObjects: 2.987400 ms  DeleteObjects: 0.220700 ms)

========================================================================
Received Import Request.
  Time since last request: 889.724990 seconds.
  path: Assets/Snake game.unity
  artifactKey: Guid(4b594fa815e3b174ca6bba4186ebc408) Importer(815301076,1909f56bfc062723c751e8b465ee728b)
Start importing Assets/Snake game.unity using Guid(4b594fa815e3b174ca6bba4186ebc408) Importer(815301076,1909f56bfc062723c751e8b465ee728b)  -> (artifact id: '3dd5dcc166da49ae3766f47e4b0203bf') in 0.030007 seconds
  Import took 0.035572 seconds .

========================================================================
Received Import Request.
  Time since last request: 331.349789 seconds.
  path: Assets/Patakas World.wav
  artifactKey: Guid(f9764898826d451449fdb8046ac87097) Importer(815301076,1909f56bfc062723c751e8b465ee728b)
Start importing Assets/Patakas World.wav using Guid(f9764898826d451449fdb8046ac87097) Importer(815301076,1909f56bfc062723c751e8b465ee728b)  -> (artifact id: '36838c298e74cfbdde2c7530ba1cf7cb') in 0.111480 seconds
  Import took 0.115960 seconds .

========================================================================
Received Prepare
Registering precompiled user dll's ...
Registered in 0.003384 seconds.
Begin MonoManager ReloadAssembly
Native extension for WindowsStandalone target not found
Refreshing native plugins compatible for Editor in 0.57 ms, found 1 plugins.
Preloading 0 native plugins for Editor in 0.00 ms.
Invoked RoslynAnalysisRunner static constructor.
RoslynAnalysisRunner will not be running.
RoslynAnalysisRunner has terminated.
Mono: successfully reloaded assembly
- Completed reload, in  1.158 seconds
Platform modules already initialized, skipping
Refreshing native plugins compatible for Editor in 0.52 ms, found 1 plugins.
Preloading 0 native plugins for Editor in 0.00 ms.
Unloading 2163 Unused Serialized files (Serialized files now loaded: 0)
System memory in use before: 123.5 MB.
System memory in use after: 123.6 MB.

Unloading 14 unused Assets to reduce memory usage. Loaded Objects now: 2725.
Total: 3.671800 ms (FindLiveObjects: 0.325300 ms CreateObjectMapping: 0.087500 ms MarkObjects: 3.043700 ms  DeleteObjects: 0.213300 ms)

========================================================================
Received Prepare
Registering precompiled user dll's ...
Registered in 0.002560 seconds.
Begin MonoManager ReloadAssembly
Native extension for WindowsStandalone target not found
Refreshing native plugins compatible for Editor in 0.53 ms, found 1 plugins.
Preloading 0 native plugins for Editor in 0.00 ms.
Invoked RoslynAnalysisRunner static constructor.
RoslynAnalysisRunner will not be running.
RoslynAnalysisRunner has terminated.
Mono: successfully reloaded assembly
- Completed reload, in  1.270 seconds
Platform modules already initialized, skipping
Refreshing native plugins compatible for Editor in 0.52 ms, found 1 plugins.
Preloading 0 native plugins for Editor in 0.00 ms.
Unloading 2164 Unused Serialized files (Serialized files now loaded: 0)
System memory in use before: 123.5 MB.
System memory in use after: 123.6 MB.

Unloading 14 unused Assets to reduce memory usage. Loaded Objects now: 2729.
Total: 3.543900 ms (FindLiveObjects: 0.409600 ms CreateObjectMapping: 0.089200 ms MarkObjects: 2.824700 ms  DeleteObjects: 0.218400 ms)

========================================================================
Received Import Request.
  Time since last request: 144.266922 seconds.
  path: Assets/snakeBite.cs
  artifactKey: Guid(fa2a2ffef957b8747bf90b2556cc527f) Importer(815301076,1909f56bfc062723c751e8b465ee728b)
Start importing Assets/snakeBite.cs using Guid(fa2a2ffef957b8747bf90b2556cc527f) Importer(815301076,1909f56bfc062723c751e8b465ee728b)  -> (artifact id: 'fb339ea80878954e2bb800da6553b417') in 0.015074 seconds
  Import took 0.019706 seconds .

========================================================================
Received Prepare
Registering precompiled user dll's ...
Registered in 0.002392 seconds.
Begin MonoManager ReloadAssembly
Native extension for WindowsStandalone target not found
Refreshing native plugins compatible for Editor in 0.55 ms, found 1 plugins.
Preloading 0 native plugins for Editor in 0.00 ms.
Invoked RoslynAnalysisRunner static constructor.
RoslynAnalysisRunner will not be running.
RoslynAnalysisRunner has terminated.
Mono: successfully reloaded assembly
- Completed reload, in  1.270 seconds
Platform modules already initialized, skipping
Refreshing native plugins compatible for Editor in 0.96 ms, found 1 plugins.
Preloading 0 native plugins for Editor in 0.00 ms.
Unloading 2164 Unused Serialized files (Serialized files now loaded: 0)
System memory in use before: 123.1 MB.
System memory in use after: 123.2 MB.

Unloading 14 unused Assets to reduce memory usage. Loaded Objects now: 2732.
Total: 4.887700 ms (FindLiveObjects: 0.435600 ms CreateObjectMapping: 0.113200 ms MarkObjects: 4.132600 ms  DeleteObjects: 0.204000 ms)

========================================================================
Received Prepare
Registering precompiled user dll's ...
Registered in 0.003830 seconds.
Begin MonoManager ReloadAssembly
Native extension for WindowsStandalone target not found
Refreshing native plugins compatible for Editor in 0.54 ms, found 1 plugins.
Preloading 0 native plugins for Editor in 0.00 ms.
Invoked RoslynAnalysisRunner static constructor.
RoslynAnalysisRunner will not be running.
RoslynAnalysisRunner has terminated.
Mono: successfully reloaded assembly
- Completed reload, in  1.357 seconds
Platform modules already initialized, skipping
Refreshing native plugins compatible for Editor in 0.52 ms, found 1 plugins.
Preloading 0 native plugins for Editor in 0.00 ms.
Unloading 2164 Unused Serialized files (Serialized files now loaded: 0)
System memory in use before: 123.5 MB.
System memory in use after: 123.6 MB.

Unloading 14 unused Assets to reduce memory usage. Loaded Objects now: 2735.
Total: 4.119000 ms (FindLiveObjects: 0.529700 ms CreateObjectMapping: 0.207900 ms MarkObjects: 3.197100 ms  DeleteObjects: 0.181500 ms)

========================================================================
Received Prepare
Registering precompiled user dll's ...
Registered in 0.002420 seconds.
Begin MonoManager ReloadAssembly
Native extension for WindowsStandalone target not found
Refreshing native plugins compatible for Editor in 0.57 ms, found 1 plugins.
Preloading 0 native plugins for Editor in 0.00 ms.
Invoked RoslynAnalysisRunner static constructor.
RoslynAnalysisRunner will not be running.
RoslynAnalysisRunner has terminated.
Mono: successfully reloaded assembly
- Completed reload, in  1.203 seconds
Platform modules already initialized, skipping
Refreshing native plugins compatible for Editor in 0.55 ms, found 1 plugins.
Preloading 0 native plugins for Editor in 0.00 ms.
Unloading 2164 Unused Serialized files (Serialized files now loaded: 0)
System memory in use before: 123.2 MB.
System memory in use after: 123.3 MB.

Unloading 14 unused Assets to reduce memory usage. Loaded Objects now: 2738.
Total: 3.134200 ms (FindLiveObjects: 0.349300 ms CreateObjectMapping: 0.087400 ms MarkObjects: 2.496000 ms  DeleteObjects: 0.198600 ms)

========================================================================
Received Prepare
Registering precompiled user dll's ...
Registered in 0.009684 seconds.
Begin MonoManager ReloadAssembly
Native extension for WindowsStandalone target not found
Refreshing native plugins compatible for Editor in 0.77 ms, found 1 plugins.
Preloading 0 native plugins for Editor in 0.00 ms.
Invoked RoslynAnalysisRunner static constructor.
RoslynAnalysisRunner will not be running.
RoslynAnalysisRunner has terminated.
Mono: successfully reloaded assembly
- Completed reload, in  1.696 seconds
Platform modules already initialized, skipping
Refreshing native plugins compatible for Editor in 0.66 ms, found 1 plugins.
Preloading 0 native plugins for Editor in 0.00 ms.
Unloading 2164 Unused Serialized files (Serialized files now loaded: 0)
System memory in use before: 123.6 MB.
System memory in use after: 123.7 MB.

Unloading 14 unused Assets to reduce memory usage. Loaded Objects now: 2741.
Total: 7.342400 ms (FindLiveObjects: 0.729300 ms CreateObjectMapping: 0.446800 ms MarkObjects: 5.616700 ms  DeleteObjects: 0.545300 ms)

========================================================================
Received Prepare
Registering precompiled user dll's ...
Registered in 0.002533 seconds.
Begin MonoManager ReloadAssembly
Native extension for WindowsStandalone target not found
Refreshing native plugins compatible for Editor in 0.57 ms, found 1 plugins.
Preloading 0 native plugins for Editor in 0.00 ms.
Invoked RoslynAnalysisRunner static constructor.
RoslynAnalysisRunner will not be running.
RoslynAnalysisRunner has terminated.
Mono: successfully reloaded assembly
- Completed reload, in  1.178 seconds
Platform modules already initialized, skipping
Refreshing native plugins compatible for Editor in 0.57 ms, found 1 plugins.
Preloading 0 native plugins for Editor in 0.00 ms.
Unloading 2164 Unused Serialized files (Serialized files now loaded: 0)
System memory in use before: 123.4 MB.
System memory in use after: 123.5 MB.

Unloading 14 unused Assets to reduce memory usage. Loaded Objects now: 2744.
Total: 2.955500 ms (FindLiveObjects: 0.410100 ms CreateObjectMapping: 0.094100 ms MarkObjects: 2.263900 ms  DeleteObjects: 0.185100 ms)

========================================================================
Received Prepare
Registering precompiled user dll's ...
Registered in 0.002980 seconds.
Begin MonoManager ReloadAssembly
Native extension for WindowsStandalone target not found
Refreshing native plugins compatible for Editor in 1.22 ms, found 1 plugins.
Preloading 0 native plugins for Editor in 0.00 ms.
Invoked RoslynAnalysisRunner static constructor.
RoslynAnalysisRunner will not be running.
RoslynAnalysisRunner has terminated.
Mono: successfully reloaded assembly
- Completed reload, in  1.365 seconds
Platform modules already initialized, skipping
Refreshing native plugins compatible for Editor in 0.59 ms, found 1 plugins.
Preloading 0 native plugins for Editor in 0.00 ms.
Unloading 2164 Unused Serialized files (Serialized files now loaded: 0)
System memory in use before: 123.6 MB.
System memory in use after: 123.7 MB.

Unloading 14 unused Assets to reduce memory usage. Loaded Objects now: 2747.
Total: 3.228400 ms (FindLiveObjects: 0.358800 ms CreateObjectMapping: 0.082600 ms MarkObjects: 2.606600 ms  DeleteObjects: 0.178300 ms)

========================================================================
Received Prepare
Registering precompiled user dll's ...
Registered in 0.003015 seconds.
Begin MonoManager ReloadAssembly
Native extension for WindowsStandalone target not found
Refreshing native plugins compatible for Editor in 0.52 ms, found 1 plugins.
Preloading 0 native plugins for Editor in 0.00 ms.
Invoked RoslynAnalysisRunner static constructor.
RoslynAnalysisRunner will not be running.
RoslynAnalysisRunner has terminated.
Mono: successfully reloaded assembly
- Completed reload, in  1.162 seconds
Platform modules already initialized, skipping
Refreshing native plugins compatible for Editor in 0.70 ms, found 1 plugins.
Preloading 0 native plugins for Editor in 0.00 ms.
Unloading 2164 Unused Serialized files (Serialized files now loaded: 0)
System memory in use before: 123.5 MB.
System memory in use after: 123.6 MB.

Unloading 14 unused Assets to reduce memory usage. Loaded Objects now: 2750.
Total: 2.714600 ms (FindLiveObjects: 0.326200 ms CreateObjectMapping: 0.073200 ms MarkObjects: 2.111700 ms  DeleteObjects: 0.202000 ms)

========================================================================
Received Prepare
Registering precompiled user dll's ...
Registered in 0.002753 seconds.
Begin MonoManager ReloadAssembly
Native extension for WindowsStandalone target not found
Refreshing native plugins compatible for Editor in 0.60 ms, found 1 plugins.
Preloading 0 native plugins for Editor in 0.00 ms.
Invoked RoslynAnalysisRunner static constructor.
RoslynAnalysisRunner will not be running.
RoslynAnalysisRunner has terminated.
Mono: successfully reloaded assembly
- Completed reload, in  1.292 seconds
Platform modules already initialized, skipping
Refreshing native plugins compatible for Editor in 0.52 ms, found 1 plugins.
Preloading 0 native plugins for Editor in 0.00 ms.
Unloading 2177 Unused Serialized files (Serialized files now loaded: 0)
System memory in use before: 125.2 MB.
System memory in use after: 124.8 MB.

Unloading 27 unused Assets to reduce memory usage. Loaded Objects now: 2753.
Total: 4.160500 ms (FindLiveObjects: 0.589700 ms CreateObjectMapping: 0.369200 ms MarkObjects: 2.659800 ms  DeleteObjects: 0.536600 ms)

========================================================================
Received Prepare
Registering precompiled user dll's ...
Registered in 0.002483 seconds.
Begin MonoManager ReloadAssembly
Native extension for WindowsStandalone target not found
Refreshing native plugins compatible for Editor in 0.75 ms, found 1 plugins.
Preloading 0 native plugins for Editor in 0.00 ms.
Invoked RoslynAnalysisRunner static constructor.
RoslynAnalysisRunner will not be running.
RoslynAnalysisRunner has terminated.
Mono: successfully reloaded assembly
- Completed reload, in  1.191 seconds
Platform modules already initialized, skipping
Refreshing native plugins compatible for Editor in 0.61 ms, found 1 plugins.
Preloading 0 native plugins for Editor in 0.00 ms.
Unloading 2177 Unused Serialized files (Serialized files now loaded: 0)
System memory in use before: 125.3 MB.
System memory in use after: 124.8 MB.

Unloading 27 unused Assets to reduce memory usage. Loaded Objects now: 2756.
Total: 3.832000 ms (FindLiveObjects: 0.467300 ms CreateObjectMapping: 0.106700 ms MarkObjects: 2.629000 ms  DeleteObjects: 0.627000 ms)

========================================================================
Received Prepare
Registering precompiled user dll's ...
Registered in 0.003079 seconds.
Begin MonoManager ReloadAssembly
Native extension for WindowsStandalone target not found
Refreshing native plugins compatible for Editor in 0.63 ms, found 1 plugins.
Preloading 0 native plugins for Editor in 0.00 ms.
Invoked RoslynAnalysisRunner static constructor.
RoslynAnalysisRunner will not be running.
RoslynAnalysisRunner has terminated.
Mono: successfully reloaded assembly
- Completed reload, in  1.172 seconds
Platform modules already initialized, skipping
Refreshing native plugins compatible for Editor in 0.65 ms, found 1 plugins.
Preloading 0 native plugins for Editor in 0.00 ms.
Unloading 2177 Unused Serialized files (Serialized files now loaded: 0)
System memory in use before: 124.8 MB.
System memory in use after: 124.3 MB.

Unloading 27 unused Assets to reduce memory usage. Loaded Objects now: 2759.
Total: 3.849400 ms (FindLiveObjects: 0.368100 ms CreateObjectMapping: 0.064600 ms MarkObjects: 2.754600 ms  DeleteObjects: 0.660200 ms)

========================================================================
Received Prepare
Registering precompiled user dll's ...
Registered in 0.002720 seconds.
Begin MonoManager ReloadAssembly
Native extension for WindowsStandalone target not found
Refreshing native plugins compatible for Editor in 0.79 ms, found 1 plugins.
Preloading 0 native plugins for Editor in 0.00 ms.
Invoked RoslynAnalysisRunner static constructor.
RoslynAnalysisRunner will not be running.
RoslynAnalysisRunner has terminated.
Mono: successfully reloaded assembly
- Completed reload, in  1.215 seconds
Platform modules already initialized, skipping
Refreshing native plugins compatible for Editor in 0.55 ms, found 1 plugins.
Preloading 0 native plugins for Editor in 0.00 ms.
Unloading 2177 Unused Serialized files (Serialized files now loaded: 0)
System memory in use before: 125.3 MB.
System memory in use after: 124.8 MB.

Unloading 27 unused Assets to reduce memory usage. Loaded Objects now: 2762.
Total: 4.064400 ms (FindLiveObjects: 0.436600 ms CreateObjectMapping: 0.134700 ms MarkObjects: 2.902100 ms  DeleteObjects: 0.589000 ms)

========================================================================
Received Prepare
Registering precompiled user dll's ...
Registered in 0.002711 seconds.
Begin MonoManager ReloadAssembly
Native extension for WindowsStandalone target not found
Refreshing native plugins compatible for Editor in 0.55 ms, found 1 plugins.
Preloading 0 native plugins for Editor in 0.00 ms.
Invoked RoslynAnalysisRunner static constructor.
RoslynAnalysisRunner will not be running.
RoslynAnalysisRunner has terminated.
Mono: successfully reloaded assembly
- Completed reload, in  1.199 seconds
Platform modules already initialized, skipping
Refreshing native plugins compatible for Editor in 0.53 ms, found 1 plugins.
Preloading 0 native plugins for Editor in 0.00 ms.
Unloading 2177 Unused Serialized files (Serialized files now loaded: 0)
System memory in use before: 124.9 MB.
System memory in use after: 124.5 MB.

Unloading 27 unused Assets to reduce memory usage. Loaded Objects now: 2765.
Total: 4.112500 ms (FindLiveObjects: 0.497100 ms CreateObjectMapping: 0.130600 ms MarkObjects: 2.865600 ms  DeleteObjects: 0.616900 ms)

========================================================================
Received Prepare
Registering precompiled user dll's ...
Registered in 0.002533 seconds.
Begin MonoManager ReloadAssembly
Native extension for WindowsStandalone target not found
Refreshing native plugins compatible for Editor in 0.56 ms, found 1 plugins.
Preloading 0 native plugins for Editor in 0.00 ms.
Invoked RoslynAnalysisRunner static constructor.
RoslynAnalysisRunner will not be running.
RoslynAnalysisRunner has terminated.
Mono: successfully reloaded assembly
- Completed reload, in  1.211 seconds
Platform modules already initialized, skipping
Refreshing native plugins compatible for Editor in 0.52 ms, found 1 plugins.
Preloading 0 native plugins for Editor in 0.00 ms.
Unloading 2177 Unused Serialized files (Serialized files now loaded: 0)
System memory in use before: 125.3 MB.
System memory in use after: 124.8 MB.

Unloading 27 unused Assets to reduce memory usage. Loaded Objects now: 2768.
Total: 4.408400 ms (FindLiveObjects: 0.648700 ms CreateObjectMapping: 0.182900 ms MarkObjects: 2.955400 ms  DeleteObjects: 0.618800 ms)

========================================================================
Received Prepare
Registering precompiled user dll's ...
Registered in 0.002522 seconds.
Begin MonoManager ReloadAssembly
Native extension for WindowsStandalone target not found
Refreshing native plugins compatible for Editor in 0.58 ms, found 1 plugins.
Preloading 0 native plugins for Editor in 0.00 ms.
Invoked RoslynAnalysisRunner static constructor.
RoslynAnalysisRunner will not be running.
RoslynAnalysisRunner has terminated.
Mono: successfully reloaded assembly
- Completed reload, in  1.213 seconds
Platform modules already initialized, skipping
Refreshing native plugins compatible for Editor in 0.80 ms, found 1 plugins.
Preloading 0 native plugins for Editor in 0.00 ms.
Unloading 2177 Unused Serialized files (Serialized files now loaded: 0)
System memory in use before: 125.3 MB.
System memory in use after: 124.8 MB.

Unloading 27 unused Assets to reduce memory usage. Loaded Objects now: 2771.
Total: 3.848300 ms (FindLiveObjects: 0.351100 ms CreateObjectMapping: 0.073800 ms MarkObjects: 2.777300 ms  DeleteObjects: 0.644400 ms)

========================================================================
Received Prepare
Registering precompiled user dll's ...
Registered in 0.002915 seconds.
Begin MonoManager ReloadAssembly
Native extension for WindowsStandalone target not found
Refreshing native plugins compatible for Editor in 0.54 ms, found 1 plugins.
Preloading 0 native plugins for Editor in 0.00 ms.
Invoked RoslynAnalysisRunner static constructor.
RoslynAnalysisRunner will not be running.
RoslynAnalysisRunner has terminated.
Mono: successfully reloaded assembly
- Completed reload, in  1.242 seconds
Platform modules already initialized, skipping
Refreshing native plugins compatible for Editor in 0.51 ms, found 1 plugins.
Preloading 0 native plugins for Editor in 0.00 ms.
Unloading 2177 Unused Serialized files (Serialized files now loaded: 0)
System memory in use before: 125.4 MB.
System memory in use after: 124.9 MB.

Unloading 27 unused Assets to reduce memory usage. Loaded Objects now: 2774.
Total: 3.334400 ms (FindLiveObjects: 0.337100 ms CreateObjectMapping: 0.068800 ms MarkObjects: 2.396300 ms  DeleteObjects: 0.529800 ms)

========================================================================
Received Prepare
Registering precompiled user dll's ...
Registered in 0.003138 seconds.
Begin MonoManager ReloadAssembly
Native extension for WindowsStandalone target not found
Refreshing native plugins compatible for Editor in 0.56 ms, found 1 plugins.
Preloading 0 native plugins for Editor in 0.00 ms.
Invoked RoslynAnalysisRunner static constructor.
RoslynAnalysisRunner will not be running.
RoslynAnalysisRunner has terminated.
Mono: successfully reloaded assembly
- Completed reload, in  1.241 seconds
Platform modules already initialized, skipping
Refreshing native plugins compatible for Editor in 0.74 ms, found 1 plugins.
Preloading 0 native plugins for Editor in 0.00 ms.
Unloading 2177 Unused Serialized files (Serialized files now loaded: 0)
System memory in use before: 125.3 MB.
System memory in use after: 124.8 MB.

Unloading 27 unused Assets to reduce memory usage. Loaded Objects now: 2777.
Total: 4.040200 ms (FindLiveObjects: 0.377900 ms CreateObjectMapping: 0.093200 ms MarkObjects: 3.000700 ms  DeleteObjects: 0.566100 ms)

========================================================================
Received Prepare
Registering precompiled user dll's ...
Registered in 0.003134 seconds.
Begin MonoManager ReloadAssembly
Native extension for WindowsStandalone target not found
Refreshing native plugins compatible for Editor in 0.54 ms, found 1 plugins.
Preloading 0 native plugins for Editor in 0.00 ms.
Invoked RoslynAnalysisRunner static constructor.
RoslynAnalysisRunner will not be running.
RoslynAnalysisRunner has terminated.
Mono: successfully reloaded assembly
- Completed reload, in  1.196 seconds
Platform modules already initialized, skipping
Refreshing native plugins compatible for Editor in 0.57 ms, found 1 plugins.
Preloading 0 native plugins for Editor in 0.00 ms.
Unloading 2177 Unused Serialized files (Serialized files now loaded: 0)
System memory in use before: 125.4 MB.
System memory in use after: 124.9 MB.

Unloading 27 unused Assets to reduce memory usage. Loaded Objects now: 2780.
Total: 5.292400 ms (FindLiveObjects: 0.412200 ms CreateObjectMapping: 0.113000 ms MarkObjects: 4.046800 ms  DeleteObjects: 0.717300 ms)

========================================================================
Received Prepare
Registering precompiled user dll's ...
Registered in 0.002393 seconds.
Begin MonoManager ReloadAssembly
Native extension for WindowsStandalone target not found
Refreshing native plugins compatible for Editor in 0.55 ms, found 1 plugins.
Preloading 0 native plugins for Editor in 0.00 ms.
Invoked RoslynAnalysisRunner static constructor.
RoslynAnalysisRunner will not be running.
RoslynAnalysisRunner has terminated.
Mono: successfully reloaded assembly
- Completed reload, in  1.192 seconds
Platform modules already initialized, skipping
Refreshing native plugins compatible for Editor in 0.53 ms, found 1 plugins.
Preloading 0 native plugins for Editor in 0.00 ms.
Unloading 2177 Unused Serialized files (Serialized files now loaded: 0)
System memory in use before: 125.4 MB.
System memory in use after: 124.9 MB.

Unloading 27 unused Assets to reduce memory usage. Loaded Objects now: 2783.
Total: 3.890000 ms (FindLiveObjects: 0.406700 ms CreateObjectMapping: 0.115100 ms MarkObjects: 2.721400 ms  DeleteObjects: 0.644100 ms)

========================================================================
Received Prepare
Registering precompiled user dll's ...
Registered in 0.002482 seconds.
Begin MonoManager ReloadAssembly
Native extension for WindowsStandalone target not found
Refreshing native plugins compatible for Editor in 0.55 ms, found 1 plugins.
Preloading 0 native plugins for Editor in 0.00 ms.
Invoked RoslynAnalysisRunner static constructor.
RoslynAnalysisRunner will not be running.
RoslynAnalysisRunner has terminated.
Mono: successfully reloaded assembly
- Completed reload, in  1.190 seconds
Platform modules already initialized, skipping
Refreshing native plugins compatible for Editor in 0.51 ms, found 1 plugins.
Preloading 0 native plugins for Editor in 0.00 ms.
Unloading 2177 Unused Serialized files (Serialized files now loaded: 0)
System memory in use before: 125.0 MB.
System memory in use after: 124.5 MB.

Unloading 27 unused Assets to reduce memory usage. Loaded Objects now: 2786.
Total: 3.600800 ms (FindLiveObjects: 0.340000 ms CreateObjectMapping: 0.083100 ms MarkObjects: 2.630000 ms  DeleteObjects: 0.545900 ms)

========================================================================
Received Import Request.
  Time since last request: 4266.239714 seconds.
  path: Assets/snakeBite.cs
  artifactKey: Guid(fa2a2ffef957b8747bf90b2556cc527f) Importer(815301076,1909f56bfc062723c751e8b465ee728b)
Start importing Assets/snakeBite.cs using Guid(fa2a2ffef957b8747bf90b2556cc527f) Importer(815301076,1909f56bfc062723c751e8b465ee728b)  -> (artifact id: '2919f39b1aa2a61ef18e4d4599b0682d') in 0.010023 seconds
  Import took 0.015793 seconds .

========================================================================
Received Import Request.
  Time since last request: 0.038844 seconds.
  path: Assets/snakeBite.cs
  artifactKey: Guid(fa2a2ffef957b8747bf90b2556cc527f) Importer(815301076,1909f56bfc062723c751e8b465ee728b)
Start importing Assets/snakeBite.cs using Guid(fa2a2ffef957b8747bf90b2556cc527f) Importer(815301076,1909f56bfc062723c751e8b465ee728b)  -> (artifact id: '2919f39b1aa2a61ef18e4d4599b0682d') in 0.005958 seconds
  Import took 0.011371 seconds .

========================================================================
Received Prepare
Registering precompiled user dll's ...
Registered in 0.002445 seconds.
Begin MonoManager ReloadAssembly
Native extension for WindowsStandalone target not found
Refreshing native plugins compatible for Editor in 0.61 ms, found 1 plugins.
Preloading 0 native plugins for Editor in 0.00 ms.
Invoked RoslynAnalysisRunner static constructor.
RoslynAnalysisRunner will not be running.
RoslynAnalysisRunner has terminated.
Mono: successfully reloaded assembly
- Completed reload, in  1.193 seconds
Platform modules already initialized, skipping
Script error: OnTriggerEnter2D
This message parameter has to be of type: Collider2D
The message will be ignored.

Refreshing native plugins compatible for Editor in 0.52 ms, found 1 plugins.
Preloading 0 native plugins for Editor in 0.00 ms.
Unloading 2177 Unused Serialized files (Serialized files now loaded: 0)
System memory in use before: 125.5 MB.
System memory in use after: 125.1 MB.

Unloading 27 unused Assets to reduce memory usage. Loaded Objects now: 2789.
Total: 3.946600 ms (FindLiveObjects: 0.381200 ms CreateObjectMapping: 0.077700 ms MarkObjects: 2.766700 ms  DeleteObjects: 0.718700 ms)

========================================================================
Received Import Request.
  Time since last request: 21.097597 seconds.
  path: Assets/snakeBite.cs
  artifactKey: Guid(fa2a2ffef957b8747bf90b2556cc527f) Importer(815301076,1909f56bfc062723c751e8b465ee728b)
Start importing Assets/snakeBite.cs using Guid(fa2a2ffef957b8747bf90b2556cc527f) Importer(815301076,1909f56bfc062723c751e8b465ee728b)  -> (artifact id: '5eab35bab031d33a31a988890d9d10fe') in 0.008932 seconds
  Import took 0.013295 seconds .

========================================================================
Received Prepare
Registering precompiled user dll's ...
Registered in 0.003421 seconds.
Begin MonoManager ReloadAssembly
Native extension for WindowsStandalone target not found
Refreshing native plugins compatible for Editor in 0.53 ms, found 1 plugins.
Preloading 0 native plugins for Editor in 0.00 ms.
Invoked RoslynAnalysisRunner static constructor.
RoslynAnalysisRunner will not be running.
RoslynAnalysisRunner has terminated.
Mono: successfully reloaded assembly
- Completed reload, in  1.172 seconds
Platform modules already initialized, skipping
Refreshing native plugins compatible for Editor in 0.53 ms, found 1 plugins.
Preloading 0 native plugins for Editor in 0.00 ms.
Unloading 2177 Unused Serialized files (Serialized files now loaded: 0)
System memory in use before: 125.3 MB.
System memory in use after: 124.8 MB.

Unloading 27 unused Assets to reduce memory usage. Loaded Objects now: 2792.
Total: 3.357300 ms (FindLiveObjects: 0.321800 ms CreateObjectMapping: 0.069200 ms MarkObjects: 2.406200 ms  DeleteObjects: 0.558200 ms)

========================================================================
Received Import Request.
  Time since last request: 43.532621 seconds.
  path: Assets/snakeBite.cs
  artifactKey: Guid(fa2a2ffef957b8747bf90b2556cc527f) Importer(815301076,1909f56bfc062723c751e8b465ee728b)
Start importing Assets/snakeBite.cs using Guid(fa2a2ffef957b8747bf90b2556cc527f) Importer(815301076,1909f56bfc062723c751e8b465ee728b)  -> (artifact id: '1a72bf7772eadbe919190b8e0002125e') in 0.009541 seconds
  Import took 0.014394 seconds .

========================================================================
Received Prepare
Registering precompiled user dll's ...
Registered in 0.002971 seconds.
Begin MonoManager ReloadAssembly
Native extension for WindowsStandalone target not found
Refreshing native plugins compatible for Editor in 0.56 ms, found 1 plugins.
Preloading 0 native plugins for Editor in 0.00 ms.
Invoked RoslynAnalysisRunner static constructor.
RoslynAnalysisRunner will not be running.
RoslynAnalysisRunner has terminated.
Mono: successfully reloaded assembly
- Completed reload, in  1.177 seconds
Platform modules already initialized, skipping
Refreshing native plugins compatible for Editor in 0.89 ms, found 1 plugins.
Preloading 0 native plugins for Editor in 0.00 ms.
Unloading 2177 Unused Serialized files (Serialized files now loaded: 0)
System memory in use before: 125.6 MB.
System memory in use after: 125.1 MB.

Unloading 27 unused Assets to reduce memory usage. Loaded Objects now: 2795.
Total: 3.554200 ms (FindLiveObjects: 0.368600 ms CreateObjectMapping: 0.094500 ms MarkObjects: 2.540300 ms  DeleteObjects: 0.548700 ms)

========================================================================
Received Prepare
Registering precompiled user dll's ...
Registered in 0.002895 seconds.
Begin MonoManager ReloadAssembly
Native extension for WindowsStandalone target not found
Refreshing native plugins compatible for Editor in 0.60 ms, found 1 plugins.
Preloading 0 native plugins for Editor in 0.00 ms.
Invoked RoslynAnalysisRunner static constructor.
RoslynAnalysisRunner will not be running.
RoslynAnalysisRunner has terminated.
Mono: successfully reloaded assembly
- Completed reload, in  1.271 seconds
Platform modules already initialized, skipping
Refreshing native plugins compatible for Editor in 0.55 ms, found 1 plugins.
Preloading 0 native plugins for Editor in 0.00 ms.
Unloading 2177 Unused Serialized files (Serialized files now loaded: 0)
System memory in use before: 125.4 MB.
System memory in use after: 124.9 MB.

Unloading 27 unused Assets to reduce memory usage. Loaded Objects now: 2798.
Total: 4.146200 ms (FindLiveObjects: 0.513000 ms CreateObjectMapping: 0.160100 ms MarkObjects: 2.862800 ms  DeleteObjects: 0.608500 ms)

========================================================================
Received Prepare
Registering precompiled user dll's ...
Registered in 0.002469 seconds.
Begin MonoManager ReloadAssembly
Native extension for WindowsStandalone target not found
Refreshing native plugins compatible for Editor in 0.63 ms, found 1 plugins.
Preloading 0 native plugins for Editor in 0.00 ms.
Invoked RoslynAnalysisRunner static constructor.
RoslynAnalysisRunner will not be running.
RoslynAnalysisRunner has terminated.
Mono: successfully reloaded assembly
- Completed reload, in  1.159 seconds
Platform modules already initialized, skipping
Refreshing native plugins compatible for Editor in 0.75 ms, found 1 plugins.
Preloading 0 native plugins for Editor in 0.00 ms.
Unloading 2177 Unused Serialized files (Serialized files now loaded: 0)
System memory in use before: 125.6 MB.
System memory in use after: 125.1 MB.

Unloading 27 unused Assets to reduce memory usage. Loaded Objects now: 2801.
Total: 3.993700 ms (FindLiveObjects: 0.552000 ms CreateObjectMapping: 0.158300 ms MarkObjects: 2.652700 ms  DeleteObjects: 0.628400 ms)

========================================================================
Received Prepare
Registering precompiled user dll's ...
Registered in 0.004186 seconds.
Begin MonoManager ReloadAssembly
Native extension for WindowsStandalone target not found
Refreshing native plugins compatible for Editor in 1.03 ms, found 1 plugins.
Preloading 0 native plugins for Editor in 0.00 ms.
Invoked RoslynAnalysisRunner static constructor.
RoslynAnalysisRunner will not be running.
RoslynAnalysisRunner has terminated.
Mono: successfully reloaded assembly
- Completed reload, in  1.503 seconds
Platform modules already initialized, skipping
Refreshing native plugins compatible for Editor in 1.10 ms, found 1 plugins.
Preloading 0 native plugins for Editor in 0.00 ms.
Unloading 2177 Unused Serialized files (Serialized files now loaded: 0)
System memory in use before: 125.5 MB.
System memory in use after: 125.0 MB.

Unloading 27 unused Assets to reduce memory usage. Loaded Objects now: 2804.
Total: 3.722400 ms (FindLiveObjects: 0.354800 ms CreateObjectMapping: 0.085200 ms MarkObjects: 2.667100 ms  DeleteObjects: 0.613700 ms)

========================================================================
Received Prepare
Registering precompiled user dll's ...
Registered in 0.002883 seconds.
Begin MonoManager ReloadAssembly
Native extension for WindowsStandalone target not found
Refreshing native plugins compatible for Editor in 0.76 ms, found 1 plugins.
Preloading 0 native plugins for Editor in 0.00 ms.
Invoked RoslynAnalysisRunner static constructor.
RoslynAnalysisRunner will not be running.
RoslynAnalysisRunner has terminated.
Mono: successfully reloaded assembly
- Completed reload, in  1.302 seconds
Platform modules already initialized, skipping
Refreshing native plugins compatible for Editor in 0.51 ms, found 1 plugins.
Preloading 0 native plugins for Editor in 0.00 ms.
Unloading 2177 Unused Serialized files (Serialized files now loaded: 0)
System memory in use before: 125.7 MB.
System memory in use after: 125.2 MB.

Unloading 27 unused Assets to reduce memory usage. Loaded Objects now: 2807.
Total: 6.771700 ms (FindLiveObjects: 0.438600 ms CreateObjectMapping: 0.127300 ms MarkObjects: 5.549300 ms  DeleteObjects: 0.654700 ms)

========================================================================
Received Prepare
Registering precompiled user dll's ...
Registered in 0.002679 seconds.
Begin MonoManager ReloadAssembly
Native extension for WindowsStandalone target not found
Refreshing native plugins compatible for Editor in 0.71 ms, found 1 plugins.
Preloading 0 native plugins for Editor in 0.00 ms.
Invoked RoslynAnalysisRunner static constructor.
RoslynAnalysisRunner will not be running.
RoslynAnalysisRunner has terminated.
Mono: successfully reloaded assembly
- Completed reload, in  1.195 seconds
Platform modules already initialized, skipping
Refreshing native plugins compatible for Editor in 0.54 ms, found 1 plugins.
Preloading 0 native plugins for Editor in 0.00 ms.
Unloading 2177 Unused Serialized files (Serialized files now loaded: 0)
System memory in use before: 125.6 MB.
System memory in use after: 125.1 MB.

Unloading 27 unused Assets to reduce memory usage. Loaded Objects now: 2810.
Total: 4.652000 ms (FindLiveObjects: 0.383100 ms CreateObjectMapping: 0.100600 ms MarkObjects: 3.497600 ms  DeleteObjects: 0.668600 ms)

========================================================================
Received Prepare
Registering precompiled user dll's ...
Registered in 0.002872 seconds.
Begin MonoManager ReloadAssembly
Native extension for WindowsStandalone target not found
Refreshing native plugins compatible for Editor in 0.62 ms, found 1 plugins.
Preloading 0 native plugins for Editor in 0.00 ms.
Invoked RoslynAnalysisRunner static constructor.
RoslynAnalysisRunner will not be running.
RoslynAnalysisRunner has terminated.
Mono: successfully reloaded assembly
- Completed reload, in  1.206 seconds
Platform modules already initialized, skipping
Refreshing native plugins compatible for Editor in 0.60 ms, found 1 plugins.
Preloading 0 native plugins for Editor in 0.00 ms.
Unloading 2177 Unused Serialized files (Serialized files now loaded: 0)
System memory in use before: 125.2 MB.
System memory in use after: 124.8 MB.

Unloading 27 unused Assets to reduce memory usage. Loaded Objects now: 2813.
Total: 3.142200 ms (FindLiveObjects: 0.305600 ms CreateObjectMapping: 0.065600 ms MarkObjects: 2.232800 ms  DeleteObjects: 0.537000 ms)

========================================================================
Received Prepare
Registering precompiled user dll's ...
Registered in 0.002683 seconds.
Begin MonoManager ReloadAssembly
Native extension for WindowsStandalone target not found
Refreshing native plugins compatible for Editor in 0.53 ms, found 1 plugins.
Preloading 0 native plugins for Editor in 0.00 ms.
Invoked RoslynAnalysisRunner static constructor.
RoslynAnalysisRunner will not be running.
RoslynAnalysisRunner has terminated.
Mono: successfully reloaded assembly
- Completed reload, in  1.220 seconds
Platform modules already initialized, skipping
Refreshing native plugins compatible for Editor in 0.54 ms, found 1 plugins.
Preloading 0 native plugins for Editor in 0.00 ms.
Unloading 2177 Unused Serialized files (Serialized files now loaded: 0)
System memory in use before: 125.6 MB.
System memory in use after: 125.1 MB.

Unloading 27 unused Assets to reduce memory usage. Loaded Objects now: 2816.
Total: 5.078900 ms (FindLiveObjects: 0.459500 ms CreateObjectMapping: 0.216700 ms MarkObjects: 3.560600 ms  DeleteObjects: 0.839300 ms)

========================================================================
Received Prepare
Registering precompiled user dll's ...
Registered in 0.002681 seconds.
Begin MonoManager ReloadAssembly
Native extension for WindowsStandalone target not found
Refreshing native plugins compatible for Editor in 0.55 ms, found 1 plugins.
Preloading 0 native plugins for Editor in 0.00 ms.
Invoked RoslynAnalysisRunner static constructor.
RoslynAnalysisRunner will not be running.
RoslynAnalysisRunner has terminated.
Mono: successfully reloaded assembly
- Completed reload, in  1.192 seconds
Platform modules already initialized, skipping
Refreshing native plugins compatible for Editor in 0.55 ms, found 1 plugins.
Preloading 0 native plugins for Editor in 0.00 ms.
Unloading 2177 Unused Serialized files (Serialized files now loaded: 0)
System memory in use before: 125.4 MB.
System memory in use after: 124.9 MB.

Unloading 27 unused Assets to reduce memory usage. Loaded Objects now: 2819.
Total: 4.123700 ms (FindLiveObjects: 0.865800 ms CreateObjectMapping: 0.198800 ms MarkObjects: 2.499800 ms  DeleteObjects: 0.555200 ms)

========================================================================
Received Prepare
Registering precompiled user dll's ...
Registered in 0.002464 seconds.
Begin MonoManager ReloadAssembly
Native extension for WindowsStandalone target not found
Refreshing native plugins compatible for Editor in 0.53 ms, found 1 plugins.
Preloading 0 native plugins for Editor in 0.00 ms.
Invoked RoslynAnalysisRunner static constructor.
RoslynAnalysisRunner will not be running.
RoslynAnalysisRunner has terminated.
Mono: successfully reloaded assembly
- Completed reload, in  1.168 seconds
Platform modules already initialized, skipping
Refreshing native plugins compatible for Editor in 0.54 ms, found 1 plugins.
Preloading 0 native plugins for Editor in 0.00 ms.
Unloading 2177 Unused Serialized files (Serialized files now loaded: 0)
System memory in use before: 125.6 MB.
System memory in use after: 125.2 MB.

Unloading 27 unused Assets to reduce memory usage. Loaded Objects now: 2822.
Total: 3.605700 ms (FindLiveObjects: 0.340700 ms CreateObjectMapping: 0.074300 ms MarkObjects: 2.588800 ms  DeleteObjects: 0.600500 ms)

========================================================================
Received Prepare
Registering precompiled user dll's ...
Registered in 0.003140 seconds.
Begin MonoManager ReloadAssembly
Native extension for WindowsStandalone target not found
Refreshing native plugins compatible for Editor in 0.53 ms, found 1 plugins.
Preloading 0 native plugins for Editor in 0.00 ms.
Invoked RoslynAnalysisRunner static constructor.
RoslynAnalysisRunner will not be running.
RoslynAnalysisRunner has terminated.
Mono: successfully reloaded assembly
- Completed reload, in  1.202 seconds
Platform modules already initialized, skipping
Refreshing native plugins compatible for Editor in 0.53 ms, found 1 plugins.
Preloading 0 native plugins for Editor in 0.00 ms.
Unloading 2177 Unused Serialized files (Serialized files now loaded: 0)
System memory in use before: 125.5 MB.
System memory in use after: 125.0 MB.

Unloading 27 unused Assets to reduce memory usage. Loaded Objects now: 2825.
Total: 4.323400 ms (FindLiveObjects: 0.485300 ms CreateObjectMapping: 0.121400 ms MarkObjects: 3.028200 ms  DeleteObjects: 0.686200 ms)

========================================================================
Received Prepare
Registering precompiled user dll's ...
Registered in 0.003362 seconds.
Begin MonoManager ReloadAssembly
Native extension for WindowsStandalone target not found
Refreshing native plugins compatible for Editor in 0.69 ms, found 1 plugins.
Preloading 0 native plugins for Editor in 0.00 ms.
Invoked RoslynAnalysisRunner static constructor.
RoslynAnalysisRunner will not be running.
RoslynAnalysisRunner has terminated.
Mono: successfully reloaded assembly
- Completed reload, in  1.245 seconds
Platform modules already initialized, skipping
Refreshing native plugins compatible for Editor in 0.58 ms, found 1 plugins.
Preloading 0 native plugins for Editor in 0.00 ms.
Unloading 2177 Unused Serialized files (Serialized files now loaded: 0)
System memory in use before: 125.7 MB.
System memory in use after: 125.2 MB.

Unloading 27 unused Assets to reduce memory usage. Loaded Objects now: 2828.
Total: 3.841300 ms (FindLiveObjects: 0.433200 ms CreateObjectMapping: 0.097500 ms MarkObjects: 2.712900 ms  DeleteObjects: 0.595600 ms)

========================================================================
Received Prepare
Registering precompiled user dll's ...
Registered in 0.003219 seconds.
Begin MonoManager ReloadAssembly
Native extension for WindowsStandalone target not found
Refreshing native plugins compatible for Editor in 0.85 ms, found 1 plugins.
Preloading 0 native plugins for Editor in 0.00 ms.
Invoked RoslynAnalysisRunner static constructor.
RoslynAnalysisRunner will not be running.
RoslynAnalysisRunner has terminated.
Mono: successfully reloaded assembly
- Completed reload, in  1.165 seconds
Platform modules already initialized, skipping
Refreshing native plugins compatible for Editor in 0.53 ms, found 1 plugins.
Preloading 0 native plugins for Editor in 0.00 ms.
Unloading 2177 Unused Serialized files (Serialized files now loaded: 0)
System memory in use before: 125.6 MB.
System memory in use after: 125.1 MB.

Unloading 27 unused Assets to reduce memory usage. Loaded Objects now: 2831.
Total: 3.793000 ms (FindLiveObjects: 0.392000 ms CreateObjectMapping: 0.098300 ms MarkObjects: 2.727500 ms  DeleteObjects: 0.573600 ms)

========================================================================
Received Prepare
Registering precompiled user dll's ...
Registered in 0.002459 seconds.
Begin MonoManager ReloadAssembly
Native extension for WindowsStandalone target not found
Refreshing native plugins compatible for Editor in 0.60 ms, found 1 plugins.
Preloading 0 native plugins for Editor in 0.00 ms.
Invoked RoslynAnalysisRunner static constructor.
RoslynAnalysisRunner will not be running.
RoslynAnalysisRunner has terminated.
Mono: successfully reloaded assembly
- Completed reload, in  1.205 seconds
Platform modules already initialized, skipping
Refreshing native plugins compatible for Editor in 0.53 ms, found 1 plugins.
Preloading 0 native plugins for Editor in 0.00 ms.
Unloading 2177 Unused Serialized files (Serialized files now loaded: 0)
System memory in use before: 125.7 MB.
System memory in use after: 125.2 MB.

Unloading 27 unused Assets to reduce memory usage. Loaded Objects now: 2834.
Total: 3.921200 ms (FindLiveObjects: 0.347500 ms CreateObjectMapping: 0.066600 ms MarkObjects: 2.931500 ms  DeleteObjects: 0.573700 ms)

========================================================================
Received Prepare
Registering precompiled user dll's ...
Registered in 0.002627 seconds.
Begin MonoManager ReloadAssembly
Native extension for WindowsStandalone target not found
Refreshing native plugins compatible for Editor in 0.53 ms, found 1 plugins.
Preloading 0 native plugins for Editor in 0.00 ms.
Invoked RoslynAnalysisRunner static constructor.
RoslynAnalysisRunner will not be running.
RoslynAnalysisRunner has terminated.
Mono: successfully reloaded assembly
- Completed reload, in  1.186 seconds
Platform modules already initialized, skipping
Refreshing native plugins compatible for Editor in 0.62 ms, found 1 plugins.
Preloading 0 native plugins for Editor in 0.00 ms.
Unloading 2177 Unused Serialized files (Serialized files now loaded: 0)
System memory in use before: 125.7 MB.
System memory in use after: 125.2 MB.

Unloading 27 unused Assets to reduce memory usage. Loaded Objects now: 2837.
Total: 4.209500 ms (FindLiveObjects: 0.497700 ms CreateObjectMapping: 0.157800 ms MarkObjects: 2.826800 ms  DeleteObjects: 0.725600 ms)

========================================================================
Received Prepare
Registering precompiled user dll's ...
Registered in 0.002438 seconds.
Begin MonoManager ReloadAssembly
Native extension for WindowsStandalone target not found
Refreshing native plugins compatible for Editor in 0.54 ms, found 1 plugins.
Preloading 0 native plugins for Editor in 0.00 ms.
Invoked RoslynAnalysisRunner static constructor.
RoslynAnalysisRunner will not be running.
RoslynAnalysisRunner has terminated.
Mono: successfully reloaded assembly
- Completed reload, in  1.155 seconds
Platform modules already initialized, skipping
Script error: OnTriggerEnter2D
This message parameter has to be of type: Collider2D
The message will be ignored.

Refreshing native plugins compatible for Editor in 0.54 ms, found 1 plugins.
Preloading 0 native plugins for Editor in 0.00 ms.
Unloading 2177 Unused Serialized files (Serialized files now loaded: 0)
System memory in use before: 125.3 MB.
System memory in use after: 124.8 MB.

Unloading 27 unused Assets to reduce memory usage. Loaded Objects now: 2840.
Total: 3.810400 ms (FindLiveObjects: 0.368700 ms CreateObjectMapping: 0.093500 ms MarkObjects: 2.701400 ms  DeleteObjects: 0.645100 ms)

========================================================================
Received Prepare
Registering precompiled user dll's ...
Registered in 0.002518 seconds.
Begin MonoManager ReloadAssembly
Native extension for WindowsStandalone target not found
Refreshing native plugins compatible for Editor in 0.54 ms, found 1 plugins.
Preloading 0 native plugins for Editor in 0.00 ms.
Invoked RoslynAnalysisRunner static constructor.
RoslynAnalysisRunner will not be running.
RoslynAnalysisRunner has terminated.
Mono: successfully reloaded assembly
- Completed reload, in  1.170 seconds
Platform modules already initialized, skipping
Refreshing native plugins compatible for Editor in 0.66 ms, found 1 plugins.
Preloading 0 native plugins for Editor in 0.00 ms.
Unloading 2177 Unused Serialized files (Serialized files now loaded: 0)
System memory in use before: 125.7 MB.
System memory in use after: 125.2 MB.

Unloading 27 unused Assets to reduce memory usage. Loaded Objects now: 2843.
Total: 4.641400 ms (FindLiveObjects: 0.486700 ms CreateObjectMapping: 0.115500 ms MarkObjects: 3.400200 ms  DeleteObjects: 0.637200 ms)

========================================================================
Received Prepare
Registering precompiled user dll's ...
Registered in 0.002921 seconds.
Begin MonoManager ReloadAssembly
Native extension for WindowsStandalone target not found
Refreshing native plugins compatible for Editor in 0.53 ms, found 1 plugins.
Preloading 0 native plugins for Editor in 0.00 ms.
Invoked RoslynAnalysisRunner static constructor.
RoslynAnalysisRunner will not be running.
RoslynAnalysisRunner has terminated.
Mono: successfully reloaded assembly
- Completed reload, in  1.141 seconds
Platform modules already initialized, skipping
Refreshing native plugins compatible for Editor in 0.61 ms, found 1 plugins.
Preloading 0 native plugins for Editor in 0.00 ms.
Unloading 2177 Unused Serialized files (Serialized files now loaded: 0)
System memory in use before: 125.4 MB.
System memory in use after: 125.0 MB.

Unloading 27 unused Assets to reduce memory usage. Loaded Objects now: 2846.
Total: 3.324300 ms (FindLiveObjects: 0.433500 ms CreateObjectMapping: 0.088300 ms MarkObjects: 2.232700 ms  DeleteObjects: 0.568500 ms)

========================================================================
Received Import Request.
  Time since last request: 2659.053453 seconds.
  path: Assets/Scent.cs
  artifactKey: Guid(469d874852f44234992ef539cde8fda4) Importer(815301076,1909f56bfc062723c751e8b465ee728b)
Start importing Assets/Scent.cs using Guid(469d874852f44234992ef539cde8fda4) Importer(815301076,1909f56bfc062723c751e8b465ee728b)  -> (artifact id: '9ddf09da87dfbe0d0f54c748588ef573') in 0.016176 seconds
  Import took 0.020921 seconds .

========================================================================
Received Import Request.
  Time since last request: 0.022313 seconds.
  path: Assets/Scent.cs
  artifactKey: Guid(469d874852f44234992ef539cde8fda4) Importer(815301076,1909f56bfc062723c751e8b465ee728b)
Start importing Assets/Scent.cs using Guid(469d874852f44234992ef539cde8fda4) Importer(815301076,1909f56bfc062723c751e8b465ee728b)  -> (artifact id: '9ddf09da87dfbe0d0f54c748588ef573') in 0.006086 seconds
  Import took 0.011840 seconds .

========================================================================
Received Import Request.
  Time since last request: 95.628586 seconds.
  path: Assets/mouse.cs
  artifactKey: Guid(db068beaa6db16b4aae4d85ccb7aeace) Importer(815301076,1909f56bfc062723c751e8b465ee728b)
Start importing Assets/mouse.cs using Guid(db068beaa6db16b4aae4d85ccb7aeace) Importer(815301076,1909f56bfc062723c751e8b465ee728b)  -> (artifact id: '190100c15cde0b0543399a1e173578c9') in 0.007308 seconds
  Import took 0.012224 seconds .

========================================================================
Received Prepare
Registering precompiled user dll's ...
Registered in 0.002795 seconds.
Begin MonoManager ReloadAssembly
Native extension for WindowsStandalone target not found
Refreshing native plugins compatible for Editor in 0.53 ms, found 1 plugins.
Preloading 0 native plugins for Editor in 0.00 ms.
Invoked RoslynAnalysisRunner static constructor.
RoslynAnalysisRunner will not be running.
RoslynAnalysisRunner has terminated.
Mono: successfully reloaded assembly
- Completed reload, in  1.173 seconds
Platform modules already initialized, skipping
Refreshing native plugins compatible for Editor in 0.68 ms, found 1 plugins.
Preloading 0 native plugins for Editor in 0.00 ms.
Unloading 2177 Unused Serialized files (Serialized files now loaded: 0)
System memory in use before: 125.7 MB.
System memory in use after: 125.2 MB.

Unloading 27 unused Assets to reduce memory usage. Loaded Objects now: 2849.
Total: 4.077600 ms (FindLiveObjects: 0.373600 ms CreateObjectMapping: 0.090700 ms MarkObjects: 2.916300 ms  DeleteObjects: 0.694900 ms)

========================================================================
Received Import Request.
  Time since last request: 778.072642 seconds.
  path: Assets/snakeBite.cs
  artifactKey: Guid(fa2a2ffef957b8747bf90b2556cc527f) Importer(815301076,1909f56bfc062723c751e8b465ee728b)
Start importing Assets/snakeBite.cs using Guid(fa2a2ffef957b8747bf90b2556cc527f) Importer(815301076,1909f56bfc062723c751e8b465ee728b)  -> (artifact id: '1e2e74095c939aad84317862f48a4050') in 0.016473 seconds
  Import took 0.021185 seconds .

========================================================================
Received Import Request.
  Time since last request: 324.647571 seconds.
  path: Assets/snakeBite.cs
  artifactKey: Guid(fa2a2ffef957b8747bf90b2556cc527f) Importer(815301076,1909f56bfc062723c751e8b465ee728b)
Start importing Assets/snakeBite.cs using Guid(fa2a2ffef957b8747bf90b2556cc527f) Importer(815301076,1909f56bfc062723c751e8b465ee728b)  -> (artifact id: '99b9fe7826450747532fc92fa25f6d56') in 0.007712 seconds
  Import took 0.012797 seconds .

========================================================================
Received Import Request.
  Time since last request: 0.005912 seconds.
  path: Assets/snakeBite.cs
  artifactKey: Guid(fa2a2ffef957b8747bf90b2556cc527f) Importer(815301076,1909f56bfc062723c751e8b465ee728b)
Start importing Assets/snakeBite.cs using Guid(fa2a2ffef957b8747bf90b2556cc527f) Importer(815301076,1909f56bfc062723c751e8b465ee728b)  -> (artifact id: '99b9fe7826450747532fc92fa25f6d56') in 0.006611 seconds
  Import took 0.011689 seconds .

========================================================================
Received Prepare
Registering precompiled user dll's ...
Registered in 0.002449 seconds.
Begin MonoManager ReloadAssembly
Native extension for WindowsStandalone target not found
Refreshing native plugins compatible for Editor in 0.65 ms, found 1 plugins.
Preloading 0 native plugins for Editor in 0.00 ms.
Invoked RoslynAnalysisRunner static constructor.
RoslynAnalysisRunner will not be running.
RoslynAnalysisRunner has terminated.
Mono: successfully reloaded assembly
- Completed reload, in  1.192 seconds
Platform modules already initialized, skipping
Refreshing native plugins compatible for Editor in 0.52 ms, found 1 plugins.
Preloading 0 native plugins for Editor in 0.00 ms.
Unloading 2177 Unused Serialized files (Serialized files now loaded: 0)
System memory in use before: 125.6 MB.
System memory in use after: 125.1 MB.

Unloading 27 unused Assets to reduce memory usage. Loaded Objects now: 2852.
Total: 4.479000 ms (FindLiveObjects: 0.430500 ms CreateObjectMapping: 0.132200 ms MarkObjects: 3.328100 ms  DeleteObjects: 0.585300 ms)

========================================================================
Received Prepare
Registering precompiled user dll's ...
Registered in 0.003040 seconds.
Begin MonoManager ReloadAssembly
Native extension for WindowsStandalone target not found
Refreshing native plugins compatible for Editor in 0.53 ms, found 1 plugins.
Preloading 0 native plugins for Editor in 0.00 ms.
Invoked RoslynAnalysisRunner static constructor.
RoslynAnalysisRunner will not be running.
RoslynAnalysisRunner has terminated.
Mono: successfully reloaded assembly
- Completed reload, in  1.205 seconds
Platform modules already initialized, skipping
Refreshing native plugins compatible for Editor in 0.55 ms, found 1 plugins.
Preloading 0 native plugins for Editor in 0.00 ms.
Unloading 2177 Unused Serialized files (Serialized files now loaded: 0)
System memory in use before: 125.7 MB.
System memory in use after: 125.2 MB.

Unloading 27 unused Assets to reduce memory usage. Loaded Objects now: 2855.
Total: 4.061000 ms (FindLiveObjects: 0.429200 ms CreateObjectMapping: 0.103000 ms MarkObjects: 2.835900 ms  DeleteObjects: 0.690900 ms)

========================================================================
Received Prepare
Registering precompiled user dll's ...
Registered in 0.002447 seconds.
Begin MonoManager ReloadAssembly
Native extension for WindowsStandalone target not found
Refreshing native plugins compatible for Editor in 0.83 ms, found 1 plugins.
Preloading 0 native plugins for Editor in 0.00 ms.
Invoked RoslynAnalysisRunner static constructor.
RoslynAnalysisRunner will not be running.
RoslynAnalysisRunner has terminated.
Mono: successfully reloaded assembly
- Completed reload, in  1.169 seconds
Platform modules already initialized, skipping
Refreshing native plugins compatible for Editor in 0.59 ms, found 1 plugins.
Preloading 0 native plugins for Editor in 0.00 ms.
Unloading 2177 Unused Serialized files (Serialized files now loaded: 0)
System memory in use before: 125.7 MB.
System memory in use after: 125.2 MB.

Unloading 27 unused Assets to reduce memory usage. Loaded Objects now: 2858.
Total: 3.547800 ms (FindLiveObjects: 0.358700 ms CreateObjectMapping: 0.078700 ms MarkObjects: 2.541000 ms  DeleteObjects: 0.568200 ms)

========================================================================
Received Prepare
Registering precompiled user dll's ...
Registered in 0.002478 seconds.
Begin MonoManager ReloadAssembly
Native extension for WindowsStandalone target not found
Refreshing native plugins compatible for Editor in 0.52 ms, found 1 plugins.
Preloading 0 native plugins for Editor in 0.00 ms.
Invoked RoslynAnalysisRunner static constructor.
RoslynAnalysisRunner will not be running.
RoslynAnalysisRunner has terminated.
Mono: successfully reloaded assembly
- Completed reload, in  1.128 seconds
Platform modules already initialized, skipping
Refreshing native plugins compatible for Editor in 0.86 ms, found 1 plugins.
Preloading 0 native plugins for Editor in 0.00 ms.
Unloading 2177 Unused Serialized files (Serialized files now loaded: 0)
System memory in use before: 125.8 MB.
System memory in use after: 125.4 MB.

Unloading 27 unused Assets to reduce memory usage. Loaded Objects now: 2861.
Total: 3.379400 ms (FindLiveObjects: 0.382700 ms CreateObjectMapping: 0.072200 ms MarkObjects: 2.364300 ms  DeleteObjects: 0.558400 ms)

========================================================================
Received Prepare
Registering precompiled user dll's ...
Registered in 0.002726 seconds.
Begin MonoManager ReloadAssembly
Native extension for WindowsStandalone target not found
Refreshing native plugins compatible for Editor in 0.54 ms, found 1 plugins.
Preloading 0 native plugins for Editor in 0.00 ms.
Invoked RoslynAnalysisRunner static constructor.
RoslynAnalysisRunner will not be running.
RoslynAnalysisRunner has terminated.
Mono: successfully reloaded assembly
- Completed reload, in  1.212 seconds
Platform modules already initialized, skipping
Refreshing native plugins compatible for Editor in 0.68 ms, found 1 plugins.
Preloading 0 native plugins for Editor in 0.00 ms.
Unloading 2177 Unused Serialized files (Serialized files now loaded: 0)
System memory in use before: 125.7 MB.
System memory in use after: 125.3 MB.

Unloading 27 unused Assets to reduce memory usage. Loaded Objects now: 2864.
Total: 3.398400 ms (FindLiveObjects: 0.359900 ms CreateObjectMapping: 0.074700 ms MarkObjects: 2.405200 ms  DeleteObjects: 0.556900 ms)

========================================================================
Received Import Request.
  Time since last request: 629.208381 seconds.
  path: Assets/mouse.cs
  artifactKey: Guid(db068beaa6db16b4aae4d85ccb7aeace) Importer(815301076,1909f56bfc062723c751e8b465ee728b)
Start importing Assets/mouse.cs using Guid(db068beaa6db16b4aae4d85ccb7aeace) Importer(815301076,1909f56bfc062723c751e8b465ee728b)  -> (artifact id: 'd3d0479168a9b6490a7ab0914f22808e') in 0.013052 seconds
  Import took 0.017733 seconds .

========================================================================
Received Prepare
Registering precompiled user dll's ...
Registered in 0.002492 seconds.
Begin MonoManager ReloadAssembly
Native extension for WindowsStandalone target not found
Refreshing native plugins compatible for Editor in 0.52 ms, found 1 plugins.
Preloading 0 native plugins for Editor in 0.00 ms.
Invoked RoslynAnalysisRunner static constructor.
RoslynAnalysisRunner will not be running.
RoslynAnalysisRunner has terminated.
Mono: successfully reloaded assembly
- Completed reload, in  1.179 seconds
Platform modules already initialized, skipping
Refreshing native plugins compatible for Editor in 0.52 ms, found 1 plugins.
Preloading 0 native plugins for Editor in 0.00 ms.
Unloading 2177 Unused Serialized files (Serialized files now loaded: 0)
System memory in use before: 125.4 MB.
System memory in use after: 124.9 MB.

Unloading 27 unused Assets to reduce memory usage. Loaded Objects now: 2867.
Total: 4.681500 ms (FindLiveObjects: 0.493100 ms CreateObjectMapping: 0.129900 ms MarkObjects: 3.365900 ms  DeleteObjects: 0.690600 ms)

========================================================================
Received Prepare
Registering precompiled user dll's ...
Registered in 0.002421 seconds.
Begin MonoManager ReloadAssembly
Native extension for WindowsStandalone target not found
Refreshing native plugins compatible for Editor in 0.69 ms, found 1 plugins.
Preloading 0 native plugins for Editor in 0.00 ms.
Invoked RoslynAnalysisRunner static constructor.
RoslynAnalysisRunner will not be running.
RoslynAnalysisRunner has terminated.
Mono: successfully reloaded assembly
- Completed reload, in  1.118 seconds
Platform modules already initialized, skipping
Refreshing native plugins compatible for Editor in 0.55 ms, found 1 plugins.
Preloading 0 native plugins for Editor in 0.00 ms.
Unloading 2177 Unused Serialized files (Serialized files now loaded: 0)
System memory in use before: 125.8 MB.
System memory in use after: 125.3 MB.

Unloading 27 unused Assets to reduce memory usage. Loaded Objects now: 2870.
Total: 4.387900 ms (FindLiveObjects: 0.477700 ms CreateObjectMapping: 0.107000 ms MarkObjects: 3.111200 ms  DeleteObjects: 0.690300 ms)

========================================================================
Received Prepare
Registering precompiled user dll's ...
Registered in 0.002435 seconds.
Begin MonoManager ReloadAssembly
Native extension for WindowsStandalone target not found
Refreshing native plugins compatible for Editor in 0.75 ms, found 1 plugins.
Preloading 0 native plugins for Editor in 0.00 ms.
Invoked RoslynAnalysisRunner static constructor.
RoslynAnalysisRunner will not be running.
RoslynAnalysisRunner has terminated.
Mono: successfully reloaded assembly
- Completed reload, in  1.231 seconds
Platform modules already initialized, skipping
Refreshing native plugins compatible for Editor in 0.51 ms, found 1 plugins.
Preloading 0 native plugins for Editor in 0.00 ms.
Unloading 2177 Unused Serialized files (Serialized files now loaded: 0)
System memory in use before: 125.5 MB.
System memory in use after: 125.0 MB.

Unloading 27 unused Assets to reduce memory usage. Loaded Objects now: 2873.
Total: 3.574200 ms (FindLiveObjects: 0.466500 ms CreateObjectMapping: 0.140300 ms MarkObjects: 2.352800 ms  DeleteObjects: 0.612600 ms)

========================================================================
Received Prepare
Registering precompiled user dll's ...
Registered in 0.003126 seconds.
Begin MonoManager ReloadAssembly
Native extension for WindowsStandalone target not found
Refreshing native plugins compatible for Editor in 0.53 ms, found 1 plugins.
Preloading 0 native plugins for Editor in 0.00 ms.
Invoked RoslynAnalysisRunner static constructor.
RoslynAnalysisRunner will not be running.
RoslynAnalysisRunner has terminated.
Mono: successfully reloaded assembly
- Completed reload, in  1.188 seconds
Platform modules already initialized, skipping
Refreshing native plugins compatible for Editor in 0.58 ms, found 1 plugins.
Preloading 0 native plugins for Editor in 0.00 ms.
Unloading 2177 Unused Serialized files (Serialized files now loaded: 0)
System memory in use before: 125.8 MB.
System memory in use after: 125.3 MB.

Unloading 27 unused Assets to reduce memory usage. Loaded Objects now: 2876.
Total: 3.903300 ms (FindLiveObjects: 0.348100 ms CreateObjectMapping: 0.086800 ms MarkObjects: 2.776900 ms  DeleteObjects: 0.690000 ms)

========================================================================
Received Prepare
Registering precompiled user dll's ...
Registered in 0.002858 seconds.
Begin MonoManager ReloadAssembly
Native extension for WindowsStandalone target not found
Refreshing native plugins compatible for Editor in 0.55 ms, found 1 plugins.
Preloading 0 native plugins for Editor in 0.00 ms.
Invoked RoslynAnalysisRunner static constructor.
RoslynAnalysisRunner will not be running.
RoslynAnalysisRunner has terminated.
Mono: successfully reloaded assembly
- Completed reload, in  1.221 seconds
Platform modules already initialized, skipping
Refreshing native plugins compatible for Editor in 0.53 ms, found 1 plugins.
Preloading 0 native plugins for Editor in 0.00 ms.
Unloading 2177 Unused Serialized files (Serialized files now loaded: 0)
System memory in use before: 125.6 MB.
System memory in use after: 125.2 MB.

Unloading 27 unused Assets to reduce memory usage. Loaded Objects now: 2879.
Total: 3.768100 ms (FindLiveObjects: 0.368200 ms CreateObjectMapping: 0.089800 ms MarkObjects: 2.653600 ms  DeleteObjects: 0.655000 ms)

AssetImportWorkerClient::OnTransportError - code=2 error=End of file
